# JRE version: Java(TM) SE Runtime Environment (8.0_112-b15) (build 1.8.0_112-b15)
# Java VM: Java HotSpot(TM) 64-Bit Server VM (25.112-b15 mixed mode windows-amd64 compressed oops)
Heap:
 PSYoungGen      total 407040K, used 128633K [0x000000076b580000, 0x0000000786480000, 0x00000007c0000000)
  eden space 389632K, 33% used [0x000000076b580000,0x000000077331e5c8,0x0000000783200000)
  from space 17408K, 0% used [0x0000000785380000,0x0000000785380000,0x0000000786480000)
  to   space 23040K, 0% used [0x0000000783780000,0x0000000783780000,0x0000000784e00000)
 ParOldGen       total 193536K, used 49890K [0x00000006c2000000, 0x00000006cdd00000, 0x000000076b580000)
  object space 193536K, 25% used [0x00000006c2000000,0x00000006c50b8bb0,0x00000006cdd00000)
 Metaspace       used 59775K, capacity 61650K, committed 61912K, reserved 1103872K
  class space    used 7910K, capacity 8338K, committed 8408K, reserved 1048576K
GC Heap History (10 events):
Event: 7.435 GC heap before
{Heap before GC invocations=9 (full 2):
 PSYoungGen      total 195072K, used 179712K [0x000000076b580000, 0x000000077a800000, 0x00000007c0000000)
  eden space 179712K, 100% used [0x000000076b580000,0x0000000776500000,0x0000000776500000)
  from space 15360K, 0% used [0x0000000777400000,0x0000000777400000,0x0000000778300000)
  to   space 15360K, 0% used [0x0000000776500000,0x0000000776500000,0x0000000777400000)
 ParOldGen       total 128000K, used 18905K [0x00000006c2000000, 0x00000006c9d00000, 0x000000076b580000)
  object space 128000K, 14% used [0x00000006c2000000,0x00000006c32765b0,0x00000006c9d00000)
 Metaspace       used 40974K, capacity 41676K, committed 41984K, reserved 1085440K
  class space    used 5543K, capacity 5801K, committed 5888K, reserved 1048576K
Event: 7.443 GC heap after
Heap after GC invocations=9 (full 2):
 PSYoungGen      total 195072K, used 9815K [0x000000076b580000, 0x000000077f600000, 0x00000007c0000000)
  eden space 179712K, 0% used [0x000000076b580000,0x000000076b580000,0x0000000776500000)
  from space 15360K, 63% used [0x0000000776500000,0x0000000776e95ff0,0x0000000777400000)
  to   space 14848K, 0% used [0x000000077e780000,0x000000077e780000,0x000000077f600000)
 ParOldGen       total 128000K, used 18913K [0x00000006c2000000, 0x00000006c9d00000, 0x000000076b580000)
  object space 128000K, 14% used [0x00000006c2000000,0x00000006c32785b0,0x00000006c9d00000)
 Metaspace       used 40974K, capacity 41676K, committed 41984K, reserved 1085440K
  class space    used 5543K, capacity 5801K, committed 5888K, reserved 1048576K
}
Event: 9.076 GC heap before
{Heap before GC invocations=10 (full 2):
 PSYoungGen      total 195072K, used 189527K [0x000000076b580000, 0x000000077f600000, 0x00000007c0000000)
  eden space 179712K, 100% used [0x000000076b580000,0x0000000776500000,0x0000000776500000)
  from space 15360K, 63% used [0x0000000776500000,0x0000000776e95ff0,0x0000000777400000)
  to   space 14848K, 0% used [0x000000077e780000,0x000000077e780000,0x000000077f600000)
 ParOldGen       total 128000K, used 18913K [0x00000006c2000000, 0x00000006c9d00000, 0x000000076b580000)
  object space 128000K, 14% used [0x00000006c2000000,0x00000006c32785b0,0x00000006c9d00000)
 Metaspace       used 46581K, capacity 47656K, committed 47872K, reserved 1091584K
  class space    used 6324K, capacity 6586K, committed 6656K, reserved 1048576K
Event: 9.120 GC heap after
Heap after GC invocations=10 (full 2):
 PSYoungGen      total 310272K, used 14831K [0x000000076b580000, 0x000000077f600000, 0x00000007c0000000)
  eden space 295424K, 0% used [0x000000076b580000,0x000000076b580000,0x000000077d600000)
  from space 14848K, 99% used [0x000000077e780000,0x000000077f5fbfa0,0x000000077f600000)
  to   space 16384K, 0% used [0x000000077d600000,0x000000077d600000,0x000000077e600000)
 ParOldGen       total 128000K, used 19022K [0x00000006c2000000, 0x00000006c9d00000, 0x000000076b580000)
  object space 128000K, 14% used [0x00000006c2000000,0x00000006c3293958,0x00000006c9d00000)
 Metaspace       used 46581K, capacity 47656K, committed 47872K, reserved 1091584K
  class space    used 6324K, capacity 6586K, committed 6656K, reserved 1048576K
}
Event: 11.903 GC heap before
{Heap before GC invocations=11 (full 2):
 PSYoungGen      total 310272K, used 310255K [0x000000076b580000, 0x000000077f600000, 0x00000007c0000000)
  eden space 295424K, 100% used [0x000000076b580000,0x000000077d600000,0x000000077d600000)
  from space 14848K, 99% used [0x000000077e780000,0x000000077f5fbfa0,0x000000077f600000)
  to   space 16384K, 0% used [0x000000077d600000,0x000000077d600000,0x000000077e600000)
 ParOldGen       total 128000K, used 19022K [0x00000006c2000000, 0x00000006c9d00000, 0x000000076b580000)
  object space 128000K, 14% used [0x00000006c2000000,0x00000006c3293958,0x00000006c9d00000)
 Metaspace       used 50965K, capacity 52616K, committed 52864K, reserved 1095680K
  class space    used 6855K, capacity 7245K, committed 7296K, reserved 1048576K
Event: 11.928 GC heap after
Heap after GC invocations=11 (full 2):
 PSYoungGen      total 311808K, used 16380K [0x000000076b580000, 0x0000000786980000, 0x00000007c0000000)
  eden space 295424K, 0% used [0x000000076b580000,0x000000076b580000,0x000000077d600000)
  from space 16384K, 99% used [0x000000077d600000,0x000000077e5ff028,0x000000077e600000)
  to   space 22528K, 0% used [0x0000000785380000,0x0000000785380000,0x0000000786980000)
 ParOldGen       total 128000K, used 29369K [0x00000006c2000000, 0x00000006c9d00000, 0x000000076b580000)
  object space 128000K, 22% used [0x00000006c2000000,0x00000006c3cae6e8,0x00000006c9d00000)
 Metaspace       used 50965K, capacity 52616K, committed 52864K, reserved 1095680K
  class space    used 6855K, capacity 7245K, committed 7296K, reserved 1048576K
}
Event: 19.802 GC heap before
{Heap before GC invocations=12 (full 2):
 PSYoungGen      total 311808K, used 267465K [0x000000076b580000, 0x0000000786980000, 0x00000007c0000000)
  eden space 295424K, 84% used [0x000000076b580000,0x000000077aab3778,0x000000077d600000)
  from space 16384K, 99% used [0x000000077d600000,0x000000077e5ff028,0x000000077e600000)
  to   space 22528K, 0% used [0x0000000785380000,0x0000000785380000,0x0000000786980000)
 ParOldGen       total 128000K, used 29369K [0x00000006c2000000, 0x00000006c9d00000, 0x000000076b580000)
  object space 128000K, 22% used [0x00000006c2000000,0x00000006c3cae6e8,0x00000006c9d00000)
 Metaspace       used 57098K, capacity 58966K, committed 59096K, reserved 1099776K
  class space    used 7650K, capacity 8066K, committed 8152K, reserved 1048576K
Event: 19.818 GC heap after
Heap after GC invocations=12 (full 2):
 PSYoungGen      total 407040K, used 17064K [0x000000076b580000, 0x0000000786480000, 0x00000007c0000000)
  eden space 389632K, 0% used [0x000000076b580000,0x000000076b580000,0x0000000783200000)
  from space 17408K, 98% used [0x0000000785380000,0x000000078642a0d0,0x0000000786480000)
  to   space 23040K, 0% used [0x0000000783780000,0x0000000783780000,0x0000000784e00000)
 ParOldGen       total 128000K, used 34559K [0x00000006c2000000, 0x00000006c9d00000, 0x000000076b580000)
  object space 128000K, 26% used [0x00000006c2000000,0x00000006c41bff78,0x00000006c9d00000)
 Metaspace       used 57098K, capacity 58966K, committed 59096K, reserved 1099776K
  class space    used 7650K, capacity 8066K, committed 8152K, reserved 1048576K
}
Event: 19.818 GC heap before
{Heap before GC invocations=13 (full 3):
 PSYoungGen      total 407040K, used 17064K [0x000000076b580000, 0x0000000786480000, 0x00000007c0000000)
  eden space 389632K, 0% used [0x000000076b580000,0x000000076b580000,0x0000000783200000)
  from space 17408K, 98% used [0x0000000785380000,0x000000078642a0d0,0x0000000786480000)
  to   space 23040K, 0% used [0x0000000783780000,0x0000000783780000,0x0000000784e00000)
 ParOldGen       total 128000K, used 34559K [0x00000006c2000000, 0x00000006c9d00000, 0x000000076b580000)
  object space 128000K, 26% used [0x00000006c2000000,0x00000006c41bff78,0x00000006c9d00000)
 Metaspace       used 57098K, capacity 58966K, committed 59096K, reserved 1099776K
  class space    used 7650K, capacity 8066K, committed 8152K, reserved 1048576K
Event: 20.067 GC heap after
Heap after GC invocations=13 (full 3):
 PSYoungGen      total 407040K, used 0K [0x000000076b580000, 0x0000000786480000, 0x00000007c0000000)
  eden space 389632K, 0% used [0x000000076b580000,0x000000076b580000,0x0000000783200000)
  from space 17408K, 0% used [0x0000000785380000,0x0000000785380000,0x0000000786480000)
  to   space 23040K, 0% used [0x0000000783780000,0x0000000783780000,0x0000000784e00000)
 ParOldGen       total 193536K, used 49890K [0x00000006c2000000, 0x00000006cdd00000, 0x000000076b580000)
  object space 193536K, 25% used [0x00000006c2000000,0x00000006c50b8bb0,0x00000006cdd00000)
 Metaspace       used 57096K, capacity 58960K, committed 59096K, reserved 1099776K
  class space    used 7649K, capacity 8065K, committed 8152K, reserved 1048576K
}

